# JRE version: OpenJDK Runtime Environment (8.0_212-b04) (build 1.8.0_212-release-1586-b04)
# Java VM: OpenJDK 64-Bit Server VM (25.212-b04 mixed mode windows-amd64 compressed oops)
Heap:
 PSYoungGen      total 282112K, used 159360K [0x00000000e0000000, 0x00000000f9d00000, 0x0000000100000000)
  eden space 227328K, 46% used [0x00000000e0000000,0x00000000e6623eb0,0x00000000ede00000)
  from space 54784K, 99% used [0x00000000ede00000,0x00000000f137c208,0x00000000f1380000)
  to   space 70656K, 0% used [0x00000000f5800000,0x00000000f5800000,0x00000000f9d00000)
 ParOldGen       total 180736K, used 103943K [0x00000000a0000000, 0x00000000ab080000, 0x00000000e0000000)
  object space 180736K, 57% used [0x00000000a0000000,0x00000000a6581c38,0x00000000ab080000)
 Metaspace       used 85728K, capacity 89703K, committed 89928K, reserved 1132544K
  class space    used 11357K, capacity 12137K, committed 12160K, reserved 1048576K
GC Heap History (10 events):
Event: 70.925 GC heap before
{Heap before GC invocations=23 (full 4):
 PSYoungGen      total 197120K, used 163328K [0x00000000e0000000, 0x00000000ef000000, 0x0000000100000000)
  eden space 163328K, 100% used [0x00000000e0000000,0x00000000e9f80000,0x00000000e9f80000)
  from space 33792K, 0% used [0x00000000ec180000,0x00000000ec180000,0x00000000ee280000)
  to   space 34816K, 0% used [0x00000000e9f80000,0x00000000e9f80000,0x00000000ec180000)
 ParOldGen       total 180736K, used 48143K [0x00000000a0000000, 0x00000000ab080000, 0x00000000e0000000)
  object space 180736K, 26% used [0x00000000a0000000,0x00000000a2f03c20,0x00000000ab080000)
 Metaspace       used 75486K, capacity 78071K, committed 78664K, reserved 1122304K
  class space    used 9948K, capacity 10531K, committed 10624K, reserved 1048576K
Event: 70.988 GC heap after
Heap after GC invocations=23 (full 4):
 PSYoungGen      total 198144K, used 19364K [0x00000000e0000000, 0x00000000f0480000, 0x0000000100000000)
  eden space 163328K, 0% used [0x00000000e0000000,0x00000000e0000000,0x00000000e9f80000)
  from space 34816K, 55% used [0x00000000e9f80000,0x00000000eb2693e0,0x00000000ec180000)
  to   space 34304K, 0% used [0x00000000ee300000,0x00000000ee300000,0x00000000f0480000)
 ParOldGen       total 180736K, used 48159K [0x00000000a0000000, 0x00000000ab080000, 0x00000000e0000000)
  object space 180736K, 26% used [0x00000000a0000000,0x00000000a2f07c20,0x00000000ab080000)
 Metaspace       used 75486K, capacity 78071K, committed 78664K, reserved 1122304K
  class space    used 9948K, capacity 10531K, committed 10624K, reserved 1048576K
}
Event: 72.102 GC heap before
{Heap before GC invocations=24 (full 4):
 PSYoungGen      total 198144K, used 182665K [0x00000000e0000000, 0x00000000f0480000, 0x0000000100000000)
  eden space 163328K, 99% used [0x00000000e0000000,0x00000000e9f793d0,0x00000000e9f80000)
  from space 34816K, 55% used [0x00000000e9f80000,0x00000000eb2693e0,0x00000000ec180000)
  to   space 34304K, 0% used [0x00000000ee300000,0x00000000ee300000,0x00000000f0480000)
 ParOldGen       total 180736K, used 48159K [0x00000000a0000000, 0x00000000ab080000, 0x00000000e0000000)
  object space 180736K, 26% used [0x00000000a0000000,0x00000000a2f07c20,0x00000000ab080000)
 Metaspace       used 82989K, capacity 86749K, committed 86856K, reserved 1130496K
  class space    used 11094K, capacity 11854K, committed 11904K, reserved 1048576K
Event: 72.139 GC heap after
Heap after GC invocations=24 (full 4):
 PSYoungGen      total 228864K, used 30275K [0x00000000e0000000, 0x00000000f0d00000, 0x0000000100000000)
  eden space 194560K, 0% used [0x00000000e0000000,0x00000000e0000000,0x00000000ebe00000)
  from space 34304K, 88% used [0x00000000ee300000,0x00000000f0090c50,0x00000000f0480000)
  to   space 37888K, 0% used [0x00000000ebe00000,0x00000000ebe00000,0x00000000ee300000)
 ParOldGen       total 180736K, used 48167K [0x00000000a0000000, 0x00000000ab080000, 0x00000000e0000000)
  object space 180736K, 26% used [0x00000000a0000000,0x00000000a2f09c20,0x00000000ab080000)
 Metaspace       used 82989K, capacity 86749K, committed 86856K, reserved 1130496K
  class space    used 11094K, capacity 11854K, committed 11904K, reserved 1048576K
}
Event: 77.683 GC heap before
{Heap before GC invocations=25 (full 4):
 PSYoungGen      total 228864K, used 224835K [0x00000000e0000000, 0x00000000f0d00000, 0x0000000100000000)
  eden space 194560K, 100% used [0x00000000e0000000,0x00000000ebe00000,0x00000000ebe00000)
  from space 34304K, 88% used [0x00000000ee300000,0x00000000f0090c50,0x00000000f0480000)
  to   space 37888K, 0% used [0x00000000ebe00000,0x00000000ebe00000,0x00000000ee300000)
 ParOldGen       total 180736K, used 48167K [0x00000000a0000000, 0x00000000ab080000, 0x00000000e0000000)
  object space 180736K, 26% used [0x00000000a0000000,0x00000000a2f09c20,0x00000000ab080000)
 Metaspace       used 85335K, capacity 89343K, committed 89416K, reserved 1132544K
  class space    used 11347K, capacity 12135K, committed 12160K, reserved 1048576K
Event: 77.742 GC heap after
Heap after GC invocations=25 (full 4):
 PSYoungGen      total 232448K, used 37867K [0x00000000e0000000, 0x00000000f4200000, 0x0000000100000000)
  eden space 194560K, 0% used [0x00000000e0000000,0x00000000e0000000,0x00000000ebe00000)
  from space 37888K, 99% used [0x00000000ebe00000,0x00000000ee2faec0,0x00000000ee300000)
  to   space 47616K, 0% used [0x00000000f1380000,0x00000000f1380000,0x00000000f4200000)
 ParOldGen       total 180736K, used 59676K [0x00000000a0000000, 0x00000000ab080000, 0x00000000e0000000)
  object space 180736K, 33% used [0x00000000a0000000,0x00000000a3a47250,0x00000000ab080000)
 Metaspace       used 85335K, capacity 89343K, committed 89416K, reserved 1132544K
  class space    used 11347K, capacity 12135K, committed 12160K, reserved 1048576K
}
Event: 80.604 GC heap before
{Heap before GC invocations=26 (full 4):
 PSYoungGen      total 232448K, used 232427K [0x00000000e0000000, 0x00000000f4200000, 0x0000000100000000)
  eden space 194560K, 100% used [0x00000000e0000000,0x00000000ebe00000,0x00000000ebe00000)
  from space 37888K, 99% used [0x00000000ebe00000,0x00000000ee2faec0,0x00000000ee300000)
  to   space 47616K, 0% used [0x00000000f1380000,0x00000000f1380000,0x00000000f4200000)
 ParOldGen       total 180736K, used 59676K [0x00000000a0000000, 0x00000000ab080000, 0x00000000e0000000)
  object space 180736K, 33% used [0x00000000a0000000,0x00000000a3a47250,0x00000000ab080000)
 Metaspace       used 85499K, capacity 89561K, committed 89672K, reserved 1132544K
  class space    used 11348K, capacity 12136K, committed 12160K, reserved 1048576K
Event: 80.750 GC heap after
Heap after GC invocations=26 (full 4):
 PSYoungGen      total 274944K, used 46534K [0x00000000e0000000, 0x00000000f5480000, 0x0000000100000000)
  eden space 227328K, 0% used [0x00000000e0000000,0x00000000e0000000,0x00000000ede00000)
  from space 47616K, 97% used [0x00000000f1380000,0x00000000f40f1838,0x00000000f4200000)
  to   space 54784K, 0% used [0x00000000ede00000,0x00000000ede00000,0x00000000f1380000)
 ParOldGen       total 180736K, used 84203K [0x00000000a0000000, 0x00000000ab080000, 0x00000000e0000000)
  object space 180736K, 46% used [0x00000000a0000000,0x00000000a523add0,0x00000000ab080000)
 Metaspace       used 85499K, capacity 89561K, committed 89672K, reserved 1132544K
  class space    used 11348K, capacity 12136K, committed 12160K, reserved 1048576K
}
Event: 86.416 GC heap before
{Heap before GC invocations=27 (full 4):
 PSYoungGen      total 274944K, used 273160K [0x00000000e0000000, 0x00000000f5480000, 0x0000000100000000)
  eden space 227328K, 99% used [0x00000000e0000000,0x00000000edd50a68,0x00000000ede00000)
  from space 47616K, 97% used [0x00000000f1380000,0x00000000f40f1838,0x00000000f4200000)
  to   space 54784K, 0% used [0x00000000ede00000,0x00000000ede00000,0x00000000f1380000)
 ParOldGen       total 180736K, used 84203K [0x00000000a0000000, 0x00000000ab080000, 0x00000000e0000000)
  object space 180736K, 46% used [0x00000000a0000000,0x00000000a523add0,0x00000000ab080000)
 Metaspace       used 85721K, capacity 89703K, committed 89928K, reserved 1132544K
  class space    used 11357K, capacity 12137K, committed 12160K, reserved 1048576K
Event: 86.662 GC heap after
Heap after GC invocations=27 (full 4):
 PSYoungGen      total 282112K, used 54768K [0x00000000e0000000, 0x00000000f9d00000, 0x0000000100000000)
  eden space 227328K, 0% used [0x00000000e0000000,0x00000000e0000000,0x00000000ede00000)
  from space 54784K, 99% used [0x00000000ede00000,0x00000000f137c208,0x00000000f1380000)
  to   space 70656K, 0% used [0x00000000f5800000,0x00000000f5800000,0x00000000f9d00000)
 ParOldGen       total 180736K, used 103943K [0x00000000a0000000, 0x00000000ab080000, 0x00000000e0000000)
  object space 180736K, 57% used [0x00000000a0000000,0x00000000a6581c38,0x00000000ab080000)
 Metaspace       used 85721K, capacity 89703K, committed 89928K, reserved 1132544K
  class space    used 11357K, capacity 12137K, committed 12160K, reserved 1048576K
}

